<?xml version="1.0" encoding="UTF-8"?>
<testng-results ignored="0" total="5" passed="5" failed="0" skipped="0">
  <reporter-output>
    <line>
      <![CDATA[Login Success::dashboard     http://orangehrm.qedgetech.com/symfony/web/index.php/dashboard]]>
    </line>
    <line>
      <![CDATA[Login Success::dashboard     http://orangehrm.qedgetech.com/symfony/web/index.php/dashboard]]>
    </line>
    <line>
      <![CDATA[Login Fail::dashboard     http://orangehrm.qedgetech.com/symfony/web/index.php/auth/validateCredentials]]>
    </line>
    <line>
      <![CDATA[Login Success::dashboard     http://orangehrm.qedgetech.com/symfony/web/index.php/dashboard]]>
    </line>
    <line>
      <![CDATA[Login Success::dashboard     http://orangehrm.qedgetech.com/symfony/web/index.php/dashboard]]>
    </line>
  </reporter-output>
  <suite started-at="2023-11-28T17:49:41 IST" name="Default suite" finished-at="2023-11-28T17:49:54 IST" duration-ms="12151">
    <groups>
    </groups>
    <test started-at="2023-11-28T17:49:41 IST" name="Default test" finished-at="2023-11-28T17:49:54 IST" duration-ms="12151">
      <class name="orangehrm.Dataprovider">
        <test-method is-config="true" signature="setUp()[pri:0, instance:orangehrm.Dataprovider@7c711375]" started-at="2023-11-28T17:49:41 IST" name="setUp" finished-at="2023-11-28T17:49:43 IST" duration-ms="1926" status="PASS">
          <reporter-output>
          </reporter-output>
        </test-method> <!-- setUp -->
        <test-method signature="validate_Login(java.lang.String,java.lang.String)[pri:0, instance:orangehrm.Dataprovider@7c711375]" started-at="2023-11-28T17:49:43 IST" name="validate_Login" data-provider="dp" finished-at="2023-11-28T17:49:47 IST" duration-ms="3644" status="PASS">
          <params>
            <param index="0">
              <value>
                <![CDATA[Admin]]>
              </value>
            </param>
            <param index="1">
              <value>
                <![CDATA[Qedge123!@#]]>
              </value>
            </param>
          </params>
          <reporter-output>
            <line>
              <![CDATA[Login Success::dashboard     http://orangehrm.qedgetech.com/symfony/web/index.php/dashboard]]>
            </line>
          </reporter-output>
        </test-method> <!-- validate_Login -->
        <test-method signature="validate_Login(java.lang.String,java.lang.String)[pri:0, instance:orangehrm.Dataprovider@7c711375]" started-at="2023-11-28T17:49:47 IST" name="validate_Login" data-provider="dp" finished-at="2023-11-28T17:49:49 IST" duration-ms="1922" status="PASS">
          <params>
            <param index="0">
              <value>
                <![CDATA[Admin]]>
              </value>
            </param>
            <param index="1">
              <value>
                <![CDATA[Qedge123!@#]]>
              </value>
            </param>
          </params>
          <reporter-output>
            <line>
              <![CDATA[Login Success::dashboard     http://orangehrm.qedgetech.com/symfony/web/index.php/dashboard]]>
            </line>
          </reporter-output>
        </test-method> <!-- validate_Login -->
        <test-method signature="validate_Login(java.lang.String,java.lang.String)[pri:0, instance:orangehrm.Dataprovider@7c711375]" started-at="2023-11-28T17:49:49 IST" name="validate_Login" data-provider="dp" finished-at="2023-11-28T17:49:50 IST" duration-ms="1052" status="PASS">
          <params>
            <param index="0">
              <value>
                <![CDATA[Admin3]]>
              </value>
            </param>
            <param index="1">
              <value>
                <![CDATA[Qedge123!@#]]>
              </value>
            </param>
          </params>
          <reporter-output>
            <line>
              <![CDATA[Login Fail::dashboard     http://orangehrm.qedgetech.com/symfony/web/index.php/auth/validateCredentials]]>
            </line>
          </reporter-output>
        </test-method> <!-- validate_Login -->
        <test-method signature="validate_Login(java.lang.String,java.lang.String)[pri:0, instance:orangehrm.Dataprovider@7c711375]" started-at="2023-11-28T17:49:50 IST" name="validate_Login" data-provider="dp" finished-at="2023-11-28T17:49:51 IST" duration-ms="1393" status="PASS">
          <params>
            <param index="0">
              <value>
                <![CDATA[Admin]]>
              </value>
            </param>
            <param index="1">
              <value>
                <![CDATA[Qedge123!@#]]>
              </value>
            </param>
          </params>
          <reporter-output>
            <line>
              <![CDATA[Login Success::dashboard     http://orangehrm.qedgetech.com/symfony/web/index.php/dashboard]]>
            </line>
          </reporter-output>
        </test-method> <!-- validate_Login -->
        <test-method signature="validate_Login(java.lang.String,java.lang.String)[pri:0, instance:orangehrm.Dataprovider@7c711375]" started-at="2023-11-28T17:49:51 IST" name="validate_Login" data-provider="dp" finished-at="2023-11-28T17:49:53 IST" duration-ms="1927" status="PASS">
          <params>
            <param index="0">
              <value>
                <![CDATA[Admin]]>
              </value>
            </param>
            <param index="1">
              <value>
                <![CDATA[Qedge123!@#]]>
              </value>
            </param>
          </params>
          <reporter-output>
            <line>
              <![CDATA[Login Success::dashboard     http://orangehrm.qedgetech.com/symfony/web/index.php/dashboard]]>
            </line>
          </reporter-output>
        </test-method> <!-- validate_Login -->
        <test-method is-config="true" signature="tearDown()[pri:0, instance:orangehrm.Dataprovider@7c711375]" started-at="2023-11-28T17:49:53 IST" name="tearDown" finished-at="2023-11-28T17:49:54 IST" duration-ms="208" status="PASS">
          <reporter-output>
          </reporter-output>
        </test-method> <!-- tearDown -->
      </class> <!-- orangehrm.Dataprovider -->
    </test> <!-- Default test -->
  </suite> <!-- Default suite -->
</testng-results>
