<?xml version="1.0" encoding="UTF-8"?>
<!-- Generated by org.testng.reporters.JUnitXMLReporter -->
<testsuite ignored="0" hostname="SUBBU" failures="0" tests="5" name="Default test" time="12.151" errors="0" timestamp="2023-11-28T17:49:54 IST">
  <testcase classname="orangehrm.Dataprovider" name="validate_Login" time="3.644"/>
  <testcase classname="orangehrm.Dataprovider" name="validate_Login" time="1.922"/>
  <testcase classname="orangehrm.Dataprovider" name="validate_Login" time="1.052"/>
  <testcase classname="orangehrm.Dataprovider" name="validate_Login" time="1.393"/>
  <testcase classname="orangehrm.Dataprovider" name="validate_Login" time="1.927"/>
</testsuite> <!-- Default test -->
